<?xml version="1.0" encoding="UTF-8"?>
<!-- Generated by org.testng.reporters.JUnitReportReporter -->
<testsuite hostname="VTI-COL-PC018-L" failures="0" tests="2" name="nestorgonzalez.Test.SubmitOrderTest" time="42.243" errors="0" timestamp="2024-11-27T08:20:45 COT" skipped="0">
  <testcase classname="nestorgonzalez.Test.SubmitOrderTest" name="submitOrder" time="24.943"/>
  <testcase classname="nestorgonzalez.Test.SubmitOrderTest" name="submitOrder" time="17.300"/>
</testsuite> <!-- nestorgonzalez.Test.SubmitOrderTest -->
