<?xml version="1.0" encoding="UTF-8"?>
<!-- Generated by org.testng.reporters.JUnitReportReporter -->
<testsuite hostname="VTI-COL-PC018-L" failures="0" tests="1" name="cucumber.TestNGTestRunner" time="14.902" errors="0" timestamp="2024-11-27T12:03:13 COT" skipped="0">
  <testcase classname="cucumber.TestNGTestRunner" name="runScenario" time="14.902"/>
</testsuite> <!-- cucumber.TestNGTestRunner -->
