<?xml version="1.0" encoding="UTF-8"?>
<!-- Generated by org.testng.reporters.JUnitReportReporter -->
<testsuite hostname="VTI-COL-PC018-L" failures="0" tests="1" name="nestorgonzalez.Test.ErrorValidations" time="6.761" errors="0" timestamp="2024-11-19T13:02:54 COT" skipped="0">
  <testcase classname="nestorgonzalez.Test.ErrorValidations" name="submitOrder" time="6.761"/>
</testsuite> <!-- nestorgonzalez.Test.ErrorValidations -->
